  [1m[35m (166.4ms)[0m  [1m[35mCREATE DATABASE "chatter_development" ENCODING = 'unicode'[0m
  [1m[35m (70.1ms)[0m  [1m[35mCREATE DATABASE "chatter_test" ENCODING = 'unicode'[0m
  [1m[35m (8.1ms)[0m  [1m[35mCREATE TABLE "schema_migrations" ("version" character varying NOT NULL PRIMARY KEY)[0m
  [1m[35m (6.7ms)[0m  [1m[35mCREATE TABLE "ar_internal_metadata" ("key" character varying NOT NULL PRIMARY KEY, "value" character varying, "created_at" timestamp(6) NOT NULL, "updated_at" timestamp(6) NOT NULL)[0m
  [1m[35m (0.2ms)[0m  [1m[34mSELECT pg_try_advisory_lock(5721631950512421090)[0m
  [1m[35m (0.4ms)[0m  [1m[34mSELECT "schema_migrations"."version" FROM "schema_migrations" ORDER BY "schema_migrations"."version" ASC[0m
Migrating to CreateUsers (20200713150342)
  [1m[35m (0.1ms)[0m  [1m[35mBEGIN[0m
  [1m[35m (8.3ms)[0m  [1m[35mCREATE TABLE "users" ("id" bigserial primary key, "username" character varying, "email" character varying, "password_digest" character varying, "post_id" bigint NOT NULL, "created_at" timestamp(6) NOT NULL, "updated_at" timestamp(6) NOT NULL, CONSTRAINT "fk_rails_dc3b405a53"
FOREIGN KEY ("post_id")
  REFERENCES "posts" ("id")
)[0m
  [1m[35m (0.2ms)[0m  [1m[31mROLLBACK[0m
  [1m[35m (0.2ms)[0m  [1m[34mSELECT pg_advisory_unlock(5721631950512421090)[0m
  [1m[35m (0.1ms)[0m  [1m[34mSELECT pg_try_advisory_lock(5721631950512421090)[0m
  [1m[35m (0.4ms)[0m  [1m[34mSELECT "schema_migrations"."version" FROM "schema_migrations" ORDER BY "schema_migrations"."version" ASC[0m
Migrating to CreateUsers (20200713150342)
  [1m[35m (0.1ms)[0m  [1m[35mBEGIN[0m
  [1m[35m (7.9ms)[0m  [1m[35mCREATE TABLE "users" ("id" bigserial primary key, "username" character varying, "email" character varying, "password_digest" character varying, "post_id" bigint NOT NULL, "created_at" timestamp(6) NOT NULL, "updated_at" timestamp(6) NOT NULL, CONSTRAINT "fk_rails_dc3b405a53"
FOREIGN KEY ("post_id")
  REFERENCES "posts" ("id")
)[0m
  [1m[35m (0.1ms)[0m  [1m[31mROLLBACK[0m
  [1m[35m (0.2ms)[0m  [1m[34mSELECT pg_advisory_unlock(5721631950512421090)[0m
  [1m[35m (0.2ms)[0m  [1m[34mSELECT pg_try_advisory_lock(5721631950512421090)[0m
  [1m[35m (0.4ms)[0m  [1m[34mSELECT "schema_migrations"."version" FROM "schema_migrations" ORDER BY "schema_migrations"."version" ASC[0m
Migrating to CreateUsers (20200713150342)
  [1m[35m (0.2ms)[0m  [1m[35mBEGIN[0m
  [1m[35m (4.9ms)[0m  [1m[35mCREATE TABLE "users" ("id" bigserial primary key, "username" character varying, "email" character varying, "password_digest" character varying, "created_at" timestamp(6) NOT NULL, "updated_at" timestamp(6) NOT NULL)[0m
  [1m[36mprimary::SchemaMigration Create (0.4ms)[0m  [1m[32mINSERT INTO "schema_migrations" ("version") VALUES ($1) RETURNING "version"[0m  [["version", "20200713150342"]]
  [1m[35m (0.5ms)[0m  [1m[35mCOMMIT[0m
Migrating to CreatePosts (20200713150749)
  [1m[35m (0.4ms)[0m  [1m[35mBEGIN[0m
  [1m[35m (3.9ms)[0m  [1m[35mCREATE TABLE "posts" ("id" bigserial primary key, "user_id" bigint NOT NULL, "content" character varying, "created_at" timestamp(6) NOT NULL, "updated_at" timestamp(6) NOT NULL, CONSTRAINT "fk_rails_5b5ddfd518"
FOREIGN KEY ("user_id")
  REFERENCES "users" ("id")
)[0m
  [1m[35m (1.0ms)[0m  [1m[35mCREATE  INDEX  "index_posts_on_user_id" ON "posts"  ("user_id")[0m
  [1m[36mprimary::SchemaMigration Create (0.3ms)[0m  [1m[32mINSERT INTO "schema_migrations" ("version") VALUES ($1) RETURNING "version"[0m  [["version", "20200713150749"]]
  [1m[35m (0.5ms)[0m  [1m[35mCOMMIT[0m
Migrating to CreateComments (20200713150817)
  [1m[35m (0.3ms)[0m  [1m[35mBEGIN[0m
  [1m[35m (6.6ms)[0m  [1m[35mCREATE TABLE "comments" ("id" bigserial primary key, "post_id" bigint NOT NULL, "user_id" bigint NOT NULL, "content" character varying, "created_at" timestamp(6) NOT NULL, "updated_at" timestamp(6) NOT NULL, CONSTRAINT "fk_rails_2fd19c0db7"
FOREIGN KEY ("post_id")
  REFERENCES "posts" ("id")
, CONSTRAINT "fk_rails_03de2dc08c"
FOREIGN KEY ("user_id")
  REFERENCES "users" ("id")
)[0m
  [1m[35m (1.0ms)[0m  [1m[35mCREATE  INDEX  "index_comments_on_post_id" ON "comments"  ("post_id")[0m
  [1m[35m (1.2ms)[0m  [1m[35mCREATE  INDEX  "index_comments_on_user_id" ON "comments"  ("user_id")[0m
  [1m[36mprimary::SchemaMigration Create (0.2ms)[0m  [1m[32mINSERT INTO "schema_migrations" ("version") VALUES ($1) RETURNING "version"[0m  [["version", "20200713150817"]]
  [1m[35m (0.4ms)[0m  [1m[35mCOMMIT[0m
  [1m[36mActiveRecord::InternalMetadata Load (0.3ms)[0m  [1m[34mSELECT "ar_internal_metadata".* FROM "ar_internal_metadata" WHERE "ar_internal_metadata"."key" = $1 LIMIT $2[0m  [["key", "environment"], ["LIMIT", 1]]
  [1m[35m (0.2ms)[0m  [1m[35mBEGIN[0m
  [1m[36mActiveRecord::InternalMetadata Create (1.5ms)[0m  [1m[32mINSERT INTO "ar_internal_metadata" ("key", "value", "created_at", "updated_at") VALUES ($1, $2, $3, $4) RETURNING "key"[0m  [["key", "environment"], ["value", "development"], ["created_at", "2020-07-13 15:23:45.306625"], ["updated_at", "2020-07-13 15:23:45.306625"]]
  [1m[35m (0.3ms)[0m  [1m[35mCOMMIT[0m
  [1m[35m (0.3ms)[0m  [1m[34mSELECT pg_advisory_unlock(5721631950512421090)[0m
  [1m[35m (0.5ms)[0m  [1m[34mSELECT "schema_migrations"."version" FROM "schema_migrations" ORDER BY "schema_migrations"."version" ASC[0m
Started GET "/" for ::1 at 2020-07-13 11:36:14 -0400
  [1m[35m (0.8ms)[0m  [1m[34mSELECT "schema_migrations"."version" FROM "schema_migrations" ORDER BY "schema_migrations"."version" ASC[0m
Processing by Rails::WelcomeController#index as HTML
  Rendering /Users/petercho/.rbenv/versions/2.7.1/lib/ruby/gems/2.7.0/gems/railties-6.0.3.2/lib/rails/templates/rails/welcome/index.html.erb
  Rendered /Users/petercho/.rbenv/versions/2.7.1/lib/ruby/gems/2.7.0/gems/railties-6.0.3.2/lib/rails/templates/rails/welcome/index.html.erb (Duration: 8.7ms | Allocations: 409)
Completed 200 OK in 23ms (Views: 16.0ms | ActiveRecord: 0.0ms | Allocations: 2257)


Started GET "/users" for ::1 at 2020-07-13 11:36:18 -0400
Processing by UsersController#index as HTML
  [1m[36mUser Load (0.7ms)[0m  [1m[34mSELECT "users".* FROM "users"[0m
  ↳ app/controllers/users_controller.rb:9:in `index'
Completed 200 OK in 16ms (Views: 3.0ms | ActiveRecord: 2.2ms | Allocations: 3619)


Started GET "/posts" for ::1 at 2020-07-13 11:36:25 -0400
Processing by PostsController#index as HTML
  [1m[36mPost Load (0.6ms)[0m  [1m[34mSELECT "posts".* FROM "posts"[0m
  ↳ app/controllers/posts_controller.rb:9:in `index'
Completed 200 OK in 18ms (Views: 5.2ms | ActiveRecord: 1.5ms | Allocations: 2607)


Started GET "/post" for ::1 at 2020-07-13 11:36:27 -0400
  
ActionController::RoutingError (No route matches [GET] "/post"):
  
actionpack (6.0.3.2) lib/action_dispatch/middleware/debug_exceptions.rb:36:in `call'
actionpack (6.0.3.2) lib/action_dispatch/middleware/show_exceptions.rb:33:in `call'
railties (6.0.3.2) lib/rails/rack/logger.rb:37:in `call_app'
railties (6.0.3.2) lib/rails/rack/logger.rb:26:in `block in call'
activesupport (6.0.3.2) lib/active_support/tagged_logging.rb:80:in `block in tagged'
activesupport (6.0.3.2) lib/active_support/tagged_logging.rb:28:in `tagged'
activesupport (6.0.3.2) lib/active_support/tagged_logging.rb:80:in `tagged'
railties (6.0.3.2) lib/rails/rack/logger.rb:26:in `call'
actionpack (6.0.3.2) lib/action_dispatch/middleware/remote_ip.rb:81:in `call'
actionpack (6.0.3.2) lib/action_dispatch/middleware/request_id.rb:27:in `call'
rack (2.2.3) lib/rack/runtime.rb:22:in `call'
activesupport (6.0.3.2) lib/active_support/cache/strategy/local_cache_middleware.rb:29:in `call'
actionpack (6.0.3.2) lib/action_dispatch/middleware/executor.rb:14:in `call'
actionpack (6.0.3.2) lib/action_dispatch/middleware/static.rb:126:in `call'
rack (2.2.3) lib/rack/sendfile.rb:110:in `call'
actionpack (6.0.3.2) lib/action_dispatch/middleware/host_authorization.rb:82:in `call'
rack-cors (1.1.1) lib/rack/cors.rb:100:in `call'
railties (6.0.3.2) lib/rails/engine.rb:527:in `call'
puma (4.3.5) lib/puma/configuration.rb:228:in `call'
puma (4.3.5) lib/puma/server.rb:713:in `handle_request'
puma (4.3.5) lib/puma/server.rb:472:in `process_client'
puma (4.3.5) lib/puma/server.rb:328:in `block in run'
puma (4.3.5) lib/puma/thread_pool.rb:134:in `block in spawn_thread'
Started GET "/comments" for ::1 at 2020-07-13 11:36:30 -0400
  
ActionController::RoutingError (No route matches [GET] "/comments"):
  
actionpack (6.0.3.2) lib/action_dispatch/middleware/debug_exceptions.rb:36:in `call'
actionpack (6.0.3.2) lib/action_dispatch/middleware/show_exceptions.rb:33:in `call'
railties (6.0.3.2) lib/rails/rack/logger.rb:37:in `call_app'
railties (6.0.3.2) lib/rails/rack/logger.rb:26:in `block in call'
activesupport (6.0.3.2) lib/active_support/tagged_logging.rb:80:in `block in tagged'
activesupport (6.0.3.2) lib/active_support/tagged_logging.rb:28:in `tagged'
activesupport (6.0.3.2) lib/active_support/tagged_logging.rb:80:in `tagged'
railties (6.0.3.2) lib/rails/rack/logger.rb:26:in `call'
actionpack (6.0.3.2) lib/action_dispatch/middleware/remote_ip.rb:81:in `call'
actionpack (6.0.3.2) lib/action_dispatch/middleware/request_id.rb:27:in `call'
rack (2.2.3) lib/rack/runtime.rb:22:in `call'
activesupport (6.0.3.2) lib/active_support/cache/strategy/local_cache_middleware.rb:29:in `call'
actionpack (6.0.3.2) lib/action_dispatch/middleware/executor.rb:14:in `call'
actionpack (6.0.3.2) lib/action_dispatch/middleware/static.rb:126:in `call'
rack (2.2.3) lib/rack/sendfile.rb:110:in `call'
actionpack (6.0.3.2) lib/action_dispatch/middleware/host_authorization.rb:82:in `call'
rack-cors (1.1.1) lib/rack/cors.rb:100:in `call'
railties (6.0.3.2) lib/rails/engine.rb:527:in `call'
puma (4.3.5) lib/puma/configuration.rb:228:in `call'
puma (4.3.5) lib/puma/server.rb:713:in `handle_request'
puma (4.3.5) lib/puma/server.rb:472:in `process_client'
puma (4.3.5) lib/puma/server.rb:328:in `block in run'
puma (4.3.5) lib/puma/thread_pool.rb:134:in `block in spawn_thread'
Started GET "/comment" for ::1 at 2020-07-13 11:36:33 -0400
  
ActionController::RoutingError (No route matches [GET] "/comment"):
  
actionpack (6.0.3.2) lib/action_dispatch/middleware/debug_exceptions.rb:36:in `call'
actionpack (6.0.3.2) lib/action_dispatch/middleware/show_exceptions.rb:33:in `call'
railties (6.0.3.2) lib/rails/rack/logger.rb:37:in `call_app'
railties (6.0.3.2) lib/rails/rack/logger.rb:26:in `block in call'
activesupport (6.0.3.2) lib/active_support/tagged_logging.rb:80:in `block in tagged'
activesupport (6.0.3.2) lib/active_support/tagged_logging.rb:28:in `tagged'
activesupport (6.0.3.2) lib/active_support/tagged_logging.rb:80:in `tagged'
railties (6.0.3.2) lib/rails/rack/logger.rb:26:in `call'
actionpack (6.0.3.2) lib/action_dispatch/middleware/remote_ip.rb:81:in `call'
actionpack (6.0.3.2) lib/action_dispatch/middleware/request_id.rb:27:in `call'
rack (2.2.3) lib/rack/runtime.rb:22:in `call'
activesupport (6.0.3.2) lib/active_support/cache/strategy/local_cache_middleware.rb:29:in `call'
actionpack (6.0.3.2) lib/action_dispatch/middleware/executor.rb:14:in `call'
actionpack (6.0.3.2) lib/action_dispatch/middleware/static.rb:126:in `call'
rack (2.2.3) lib/rack/sendfile.rb:110:in `call'
actionpack (6.0.3.2) lib/action_dispatch/middleware/host_authorization.rb:82:in `call'
rack-cors (1.1.1) lib/rack/cors.rb:100:in `call'
railties (6.0.3.2) lib/rails/engine.rb:527:in `call'
puma (4.3.5) lib/puma/configuration.rb:228:in `call'
puma (4.3.5) lib/puma/server.rb:713:in `handle_request'
puma (4.3.5) lib/puma/server.rb:472:in `process_client'
puma (4.3.5) lib/puma/server.rb:328:in `block in run'
puma (4.3.5) lib/puma/thread_pool.rb:134:in `block in spawn_thread'
Started GET "/comments" for ::1 at 2020-07-13 11:36:35 -0400
  
ActionController::RoutingError (No route matches [GET] "/comments"):
  
actionpack (6.0.3.2) lib/action_dispatch/middleware/debug_exceptions.rb:36:in `call'
actionpack (6.0.3.2) lib/action_dispatch/middleware/show_exceptions.rb:33:in `call'
railties (6.0.3.2) lib/rails/rack/logger.rb:37:in `call_app'
railties (6.0.3.2) lib/rails/rack/logger.rb:26:in `block in call'
activesupport (6.0.3.2) lib/active_support/tagged_logging.rb:80:in `block in tagged'
activesupport (6.0.3.2) lib/active_support/tagged_logging.rb:28:in `tagged'
activesupport (6.0.3.2) lib/active_support/tagged_logging.rb:80:in `tagged'
railties (6.0.3.2) lib/rails/rack/logger.rb:26:in `call'
actionpack (6.0.3.2) lib/action_dispatch/middleware/remote_ip.rb:81:in `call'
actionpack (6.0.3.2) lib/action_dispatch/middleware/request_id.rb:27:in `call'
rack (2.2.3) lib/rack/runtime.rb:22:in `call'
activesupport (6.0.3.2) lib/active_support/cache/strategy/local_cache_middleware.rb:29:in `call'
actionpack (6.0.3.2) lib/action_dispatch/middleware/executor.rb:14:in `call'
actionpack (6.0.3.2) lib/action_dispatch/middleware/static.rb:126:in `call'
rack (2.2.3) lib/rack/sendfile.rb:110:in `call'
actionpack (6.0.3.2) lib/action_dispatch/middleware/host_authorization.rb:82:in `call'
rack-cors (1.1.1) lib/rack/cors.rb:100:in `call'
railties (6.0.3.2) lib/rails/engine.rb:527:in `call'
puma (4.3.5) lib/puma/configuration.rb:228:in `call'
puma (4.3.5) lib/puma/server.rb:713:in `handle_request'
puma (4.3.5) lib/puma/server.rb:472:in `process_client'
puma (4.3.5) lib/puma/server.rb:328:in `block in run'
puma (4.3.5) lib/puma/thread_pool.rb:134:in `block in spawn_thread'
Started GET "/posts/comments" for ::1 at 2020-07-13 11:36:42 -0400
Processing by PostsController#show as HTML
  Parameters: {"id"=>"comments"}
  [1m[36mPost Load (0.4ms)[0m  [1m[34mSELECT "posts".* FROM "posts" WHERE "posts"."id" = $1 LIMIT $2[0m  [["id", nil], ["LIMIT", 1]]
  ↳ app/controllers/posts_controller.rb:45:in `set_post'
Completed 404 Not Found in 13ms (ActiveRecord: 3.9ms | Allocations: 2320)


  
ActiveRecord::RecordNotFound (Couldn't find Post with 'id'=comments):
  
app/controllers/posts_controller.rb:45:in `set_post'
Started GET "/users" for ::1 at 2020-07-13 11:36:48 -0400
Processing by UsersController#index as HTML
  [1m[36mUser Load (0.5ms)[0m  [1m[34mSELECT "users".* FROM "users"[0m
  ↳ app/controllers/users_controller.rb:9:in `index'
Completed 200 OK in 3ms (Views: 1.8ms | ActiveRecord: 0.5ms | Allocations: 828)


Started GET "/users" for ::1 at 2020-07-13 11:38:07 -0400
Processing by UsersController#index as */*
  Parameters: {"name"=>"peter", "email"=>"pcho51990@gmail.com1", "password"=>"[FILTERED]", "user"=>{"email"=>"pcho51990@gmail.com1"}}
  [1m[36mUser Load (0.2ms)[0m  [1m[34mSELECT "users".* FROM "users"[0m
  ↳ app/controllers/users_controller.rb:9:in `index'
Completed 200 OK in 2ms (Views: 1.2ms | ActiveRecord: 1.6ms | Allocations: 900)


Started POST "/users" for ::1 at 2020-07-13 11:38:12 -0400
Processing by UsersController#create as */*
  Parameters: {"name"=>"peter", "email"=>"pcho51990@gmail.com1", "password"=>"[FILTERED]", "user"=>{"email"=>"pcho51990@gmail.com1"}}
  [1m[35m (0.1ms)[0m  [1m[35mBEGIN[0m
  ↳ app/controllers/users_controller.rb:21:in `create'
  [1m[36mUser Exists? (0.3ms)[0m  [1m[34mSELECT 1 AS one FROM "users" WHERE "users"."username" IS NULL LIMIT $1[0m  [["LIMIT", 1]]
  ↳ app/controllers/users_controller.rb:21:in `create'
  [1m[36mUser Exists? (0.3ms)[0m  [1m[34mSELECT 1 AS one FROM "users" WHERE "users"."email" = $1 LIMIT $2[0m  [["email", "pcho51990@gmail.com1"], ["LIMIT", 1]]
  ↳ app/controllers/users_controller.rb:21:in `create'
  [1m[35m (0.1ms)[0m  [1m[31mROLLBACK[0m
  ↳ app/controllers/users_controller.rb:21:in `create'
Completed 422 Unprocessable Entity in 36ms (Views: 0.4ms | ActiveRecord: 3.1ms | Allocations: 10492)


Started POST "/users" for ::1 at 2020-07-13 11:41:54 -0400
Processing by UsersController#create as */*
  Parameters: {"user"=>{"username"=>"pcho", "email"=>"pcho@1.com", "password"=>"[FILTERED]"}}
  [1m[35m (0.2ms)[0m  [1m[35mBEGIN[0m
  ↳ app/controllers/users_controller.rb:21:in `create'
  [1m[36mUser Exists? (1.5ms)[0m  [1m[34mSELECT 1 AS one FROM "users" WHERE "users"."username" = $1 LIMIT $2[0m  [["username", "pcho"], ["LIMIT", 1]]
  ↳ app/controllers/users_controller.rb:21:in `create'
  [1m[36mUser Exists? (0.4ms)[0m  [1m[34mSELECT 1 AS one FROM "users" WHERE "users"."email" = $1 LIMIT $2[0m  [["email", "pcho@1.com"], ["LIMIT", 1]]
  ↳ app/controllers/users_controller.rb:21:in `create'
  [1m[36mUser Create (4.9ms)[0m  [1m[32mINSERT INTO "users" ("username", "email", "password_digest", "created_at", "updated_at") VALUES ($1, $2, $3, $4, $5) RETURNING "id"[0m  [["username", "pcho"], ["email", "pcho@1.com"], ["password_digest", "$2a$12$tFL7ARI6gtB3DbU1pAc9zOgVa9iJ/MDymEYChj3o6rUo86gjucwzq"], ["created_at", "2020-07-13 15:41:54.673329"], ["updated_at", "2020-07-13 15:41:54.673329"]]
  ↳ app/controllers/users_controller.rb:21:in `create'
  [1m[35m (5.4ms)[0m  [1m[35mCOMMIT[0m
  ↳ app/controllers/users_controller.rb:21:in `create'
Completed 201 Created in 244ms (Views: 1.0ms | ActiveRecord: 15.0ms | Allocations: 8359)


Started POST "/auth/login" for ::1 at 2020-07-13 11:43:57 -0400
Processing by AuthenticationController#login as */*
  Parameters: {"user"=>{"username"=>"pcho", "email"=>"pcho@1.com", "password"=>"[FILTERED]"}, "authentication"=>{"user"=>{"username"=>"pcho", "email"=>"pcho@1.com", "password"=>"[FILTERED]"}}}
[31mUnpermitted parameter: :user[0m
  [1m[36mUser Load (0.2ms)[0m  [1m[34mSELECT "users".* FROM "users" WHERE "users"."username" IS NULL LIMIT $1[0m  [["LIMIT", 1]]
  ↳ app/controllers/authentication_controller.rb:6:in `login'
[31mUnpermitted parameter: :user[0m
Completed 500 Internal Server Error in 4ms (ActiveRecord: 0.2ms | Allocations: 1486)


  
NoMethodError (undefined method `authenticate' for nil:NilClass):
  
app/controllers/authentication_controller.rb:7:in `login'
Started POST "/auth/login" for ::1 at 2020-07-13 11:49:08 -0400
Processing by AuthenticationController#login as */*
  Parameters: {"user"=>{"username"=>"pcho", "password"=>"[FILTERED]"}, "authentication"=>{"user"=>{"username"=>"pcho", "password"=>"[FILTERED]"}}}
[31mUnpermitted parameter: :user[0m
  [1m[36mUser Load (0.2ms)[0m  [1m[34mSELECT "users".* FROM "users" WHERE "users"."username" IS NULL LIMIT $1[0m  [["LIMIT", 1]]
  ↳ app/controllers/authentication_controller.rb:6:in `login'
[31mUnpermitted parameter: :user[0m
Completed 500 Internal Server Error in 3ms (ActiveRecord: 0.2ms | Allocations: 1430)


  
NoMethodError (undefined method `authenticate' for nil:NilClass):
  
app/controllers/authentication_controller.rb:7:in `login'
Started POST "/auth/login" for ::1 at 2020-07-13 11:49:14 -0400
Processing by AuthenticationController#login as */*
  Parameters: {"authentication"=>{"username"=>"pcho", "password"=>"[FILTERED]"}}
  [1m[36mUser Load (0.4ms)[0m  [1m[34mSELECT "users".* FROM "users" WHERE "users"."username" = $1 LIMIT $2[0m  [["username", "pcho"], ["LIMIT", 1]]
  ↳ app/controllers/authentication_controller.rb:6:in `login'
Completed 200 OK in 257ms (Views: 0.3ms | ActiveRecord: 0.4ms | Allocations: 1097)


Started GET "/posts" for ::1 at 2020-07-13 11:49:28 -0400
Processing by PostsController#index as */*
  Parameters: {"authentication"=>{"username"=>"pcho", "password"=>"[FILTERED]"}, "post"=>{}}
  [1m[36mPost Load (0.3ms)[0m  [1m[34mSELECT "posts".* FROM "posts"[0m
  ↳ app/controllers/posts_controller.rb:9:in `index'
Completed 200 OK in 2ms (Views: 1.4ms | ActiveRecord: 4.2ms | Allocations: 881)


Started POST "/auth/login" for ::1 at 2020-07-13 11:49:38 -0400
Processing by AuthenticationController#login as */*
  Parameters: {"authentication"=>{"username"=>"pcho", "password"=>"[FILTERED]"}}
  [1m[36mUser Load (0.2ms)[0m  [1m[34mSELECT "users".* FROM "users" WHERE "users"."username" = $1 LIMIT $2[0m  [["username", "pcho"], ["LIMIT", 1]]
  ↳ app/controllers/authentication_controller.rb:6:in `login'
Completed 200 OK in 224ms (Views: 0.2ms | ActiveRecord: 0.2ms | Allocations: 948)


Started GET "/posts" for ::1 at 2020-07-13 11:49:48 -0400
Processing by PostsController#index as */*
  Parameters: {"authentication"=>{"username"=>"pcho", "password"=>"[FILTERED]"}, "post"=>{}}
  [1m[36mPost Load (0.3ms)[0m  [1m[34mSELECT "posts".* FROM "posts"[0m
  ↳ app/controllers/posts_controller.rb:9:in `index'
Completed 200 OK in 1ms (Views: 1.0ms | ActiveRecord: 0.3ms | Allocations: 825)


Started POST "/posts" for ::1 at 2020-07-13 12:09:47 -0400
Processing by PostsController#create as */*
  Parameters: {"post"=>{"user_id"=>1, "asdf"=>"123456"}}
[31mUnpermitted parameter: :asdf[0m
  [1m[35m (0.1ms)[0m  [1m[35mBEGIN[0m
  ↳ app/controllers/posts_controller.rb:21:in `create'
  [1m[36mUser Load (0.4ms)[0m  [1m[34mSELECT "users".* FROM "users" WHERE "users"."id" = $1 LIMIT $2[0m  [["id", 1], ["LIMIT", 1]]
  ↳ app/controllers/posts_controller.rb:21:in `create'
  [1m[36mPost Create (2.4ms)[0m  [1m[32mINSERT INTO "posts" ("user_id", "created_at", "updated_at") VALUES ($1, $2, $3) RETURNING "id"[0m  [["user_id", 1], ["created_at", "2020-07-13 16:09:47.167257"], ["updated_at", "2020-07-13 16:09:47.167257"]]
  ↳ app/controllers/posts_controller.rb:21:in `create'
  [1m[35m (0.9ms)[0m  [1m[35mCOMMIT[0m
  ↳ app/controllers/posts_controller.rb:21:in `create'
Completed 201 Created in 40ms (Views: 1.1ms | ActiveRecord: 6.6ms | Allocations: 10161)


Started POST "/posts" for ::1 at 2020-07-13 12:10:58 -0400
Processing by PostsController#create as */*
  Parameters: {"post"=>{"user_id"=>3, "asdf"=>"123456"}}
[31mUnpermitted parameter: :asdf[0m
  [1m[35m (0.1ms)[0m  [1m[35mBEGIN[0m
  ↳ app/controllers/posts_controller.rb:21:in `create'
  [1m[36mUser Load (0.2ms)[0m  [1m[34mSELECT "users".* FROM "users" WHERE "users"."id" = $1 LIMIT $2[0m  [["id", 3], ["LIMIT", 1]]
  ↳ app/controllers/posts_controller.rb:21:in `create'
  [1m[35m (0.1ms)[0m  [1m[31mROLLBACK[0m
  ↳ app/controllers/posts_controller.rb:21:in `create'
Completed 422 Unprocessable Entity in 21ms (Views: 0.1ms | ActiveRecord: 7.2ms | Allocations: 8536)


Started POST "/posts" for ::1 at 2020-07-13 12:11:08 -0400
Processing by PostsController#create as */*
  Parameters: {"post"=>{"user_id"=>1, "contents"=>"123456"}}
[31mUnpermitted parameter: :contents[0m
  [1m[35m (0.2ms)[0m  [1m[35mBEGIN[0m
  ↳ app/controllers/posts_controller.rb:21:in `create'
  [1m[36mUser Load (1.1ms)[0m  [1m[34mSELECT "users".* FROM "users" WHERE "users"."id" = $1 LIMIT $2[0m  [["id", 1], ["LIMIT", 1]]
  ↳ app/controllers/posts_controller.rb:21:in `create'
  [1m[35m (0.5ms)[0m  [1m[31mROLLBACK[0m
  ↳ app/controllers/posts_controller.rb:21:in `create'
Completed 422 Unprocessable Entity in 16ms (Views: 0.2ms | ActiveRecord: 1.9ms | Allocations: 5959)


Started POST "/posts" for ::1 at 2020-07-13 12:11:12 -0400
Processing by PostsController#create as */*
  Parameters: {"post"=>{"user_id"=>1, "content"=>"123456"}}
  [1m[35m (0.1ms)[0m  [1m[35mBEGIN[0m
  ↳ app/controllers/posts_controller.rb:21:in `create'
  [1m[36mUser Load (0.3ms)[0m  [1m[34mSELECT "users".* FROM "users" WHERE "users"."id" = $1 LIMIT $2[0m  [["id", 1], ["LIMIT", 1]]
  ↳ app/controllers/posts_controller.rb:21:in `create'
  [1m[36mPost Create (0.5ms)[0m  [1m[32mINSERT INTO "posts" ("user_id", "content", "created_at", "updated_at") VALUES ($1, $2, $3, $4) RETURNING "id"[0m  [["user_id", 1], ["content", "123456"], ["created_at", "2020-07-13 16:11:12.714014"], ["updated_at", "2020-07-13 16:11:12.714014"]]
  ↳ app/controllers/posts_controller.rb:21:in `create'
  [1m[35m (0.6ms)[0m  [1m[35mCOMMIT[0m
  ↳ app/controllers/posts_controller.rb:21:in `create'
Completed 201 Created in 9ms (Views: 0.5ms | ActiveRecord: 1.5ms | Allocations: 3874)


Started POST "/posts/comments" for ::1 at 2020-07-13 12:15:07 -0400
  
ActionController::RoutingError (No route matches [POST] "/posts/comments"):
  
actionpack (6.0.3.2) lib/action_dispatch/middleware/debug_exceptions.rb:36:in `call'
actionpack (6.0.3.2) lib/action_dispatch/middleware/show_exceptions.rb:33:in `call'
railties (6.0.3.2) lib/rails/rack/logger.rb:37:in `call_app'
railties (6.0.3.2) lib/rails/rack/logger.rb:26:in `block in call'
activesupport (6.0.3.2) lib/active_support/tagged_logging.rb:80:in `block in tagged'
activesupport (6.0.3.2) lib/active_support/tagged_logging.rb:28:in `tagged'
activesupport (6.0.3.2) lib/active_support/tagged_logging.rb:80:in `tagged'
railties (6.0.3.2) lib/rails/rack/logger.rb:26:in `call'
actionpack (6.0.3.2) lib/action_dispatch/middleware/remote_ip.rb:81:in `call'
actionpack (6.0.3.2) lib/action_dispatch/middleware/request_id.rb:27:in `call'
rack (2.2.3) lib/rack/runtime.rb:22:in `call'
activesupport (6.0.3.2) lib/active_support/cache/strategy/local_cache_middleware.rb:29:in `call'
actionpack (6.0.3.2) lib/action_dispatch/middleware/executor.rb:14:in `call'
actionpack (6.0.3.2) lib/action_dispatch/middleware/static.rb:126:in `call'
rack (2.2.3) lib/rack/sendfile.rb:110:in `call'
actionpack (6.0.3.2) lib/action_dispatch/middleware/host_authorization.rb:82:in `call'
rack-cors (1.1.1) lib/rack/cors.rb:100:in `call'
railties (6.0.3.2) lib/rails/engine.rb:527:in `call'
puma (4.3.5) lib/puma/configuration.rb:228:in `call'
puma (4.3.5) lib/puma/server.rb:713:in `handle_request'
puma (4.3.5) lib/puma/server.rb:472:in `process_client'
puma (4.3.5) lib/puma/server.rb:328:in `block in run'
puma (4.3.5) lib/puma/thread_pool.rb:134:in `block in spawn_thread'
Started POST "/posts/1/comments" for ::1 at 2020-07-13 12:15:19 -0400
Processing by CommentsController#create as */*
  Parameters: {"comment"=>{"user_id"=>1, "post_id"=>2, "content"=>"123456"}, "post_id"=>"1"}
  [1m[35m (0.2ms)[0m  [1m[35mBEGIN[0m
  ↳ app/controllers/comments_controller.rb:21:in `create'
  [1m[36mPost Load (0.5ms)[0m  [1m[34mSELECT "posts".* FROM "posts" WHERE "posts"."id" = $1 LIMIT $2[0m  [["id", 2], ["LIMIT", 1]]
  ↳ app/controllers/comments_controller.rb:21:in `create'
  [1m[36mUser Load (0.2ms)[0m  [1m[34mSELECT "users".* FROM "users" WHERE "users"."id" = $1 LIMIT $2[0m  [["id", 1], ["LIMIT", 1]]
  ↳ app/controllers/comments_controller.rb:21:in `create'
  [1m[36mComment Create (3.6ms)[0m  [1m[32mINSERT INTO "comments" ("post_id", "user_id", "content", "created_at", "updated_at") VALUES ($1, $2, $3, $4, $5) RETURNING "id"[0m  [["post_id", 2], ["user_id", 1], ["content", "123456"], ["created_at", "2020-07-13 16:15:19.378201"], ["updated_at", "2020-07-13 16:15:19.378201"]]
  ↳ app/controllers/comments_controller.rb:21:in `create'
  [1m[35m (3.3ms)[0m  [1m[35mCOMMIT[0m
  ↳ app/controllers/comments_controller.rb:21:in `create'
Completed 500 Internal Server Error in 84ms (ActiveRecord: 10.4ms | Allocations: 38758)


  
NoMethodError (undefined method `comment_url' for #<CommentsController:0x00007fe3e1af0088>):
  
app/controllers/comments_controller.rb:22:in `create'
Started POST "/posts/2/comments" for ::1 at 2020-07-13 12:16:39 -0400
  [1m[35m (0.5ms)[0m  [1m[34mSELECT "schema_migrations"."version" FROM "schema_migrations" ORDER BY "schema_migrations"."version" ASC[0m
Processing by CommentsController#create as */*
  Parameters: {"comment"=>{"user_id"=>1, "post_id"=>2, "content"=>"123456"}, "post_id"=>"2"}
  [1m[35m (0.1ms)[0m  [1m[35mBEGIN[0m
  ↳ app/controllers/comments_controller.rb:21:in `create'
  [1m[36mPost Load (0.5ms)[0m  [1m[34mSELECT "posts".* FROM "posts" WHERE "posts"."id" = $1 LIMIT $2[0m  [["id", 2], ["LIMIT", 1]]
  ↳ app/controllers/comments_controller.rb:21:in `create'
  [1m[36mUser Load (0.3ms)[0m  [1m[34mSELECT "users".* FROM "users" WHERE "users"."id" = $1 LIMIT $2[0m  [["id", 1], ["LIMIT", 1]]
  ↳ app/controllers/comments_controller.rb:21:in `create'
  [1m[36mComment Create (0.8ms)[0m  [1m[32mINSERT INTO "comments" ("post_id", "user_id", "content", "created_at", "updated_at") VALUES ($1, $2, $3, $4, $5) RETURNING "id"[0m  [["post_id", 2], ["user_id", 1], ["content", "123456"], ["created_at", "2020-07-13 16:16:39.959090"], ["updated_at", "2020-07-13 16:16:39.959090"]]
  ↳ app/controllers/comments_controller.rb:21:in `create'
  [1m[35m (0.5ms)[0m  [1m[35mCOMMIT[0m
  ↳ app/controllers/comments_controller.rb:21:in `create'
Completed 500 Internal Server Error in 85ms (ActiveRecord: 10.8ms | Allocations: 49324)


  
NoMethodError (undefined method `comment_url' for #<CommentsController:0x00007faa9f4190a0>):
  
app/controllers/comments_controller.rb:22:in `create'
Started POST "/posts/2/comments" for ::1 at 2020-07-13 12:19:22 -0400
Processing by CommentsController#create as */*
  Parameters: {"comment"=>{"user_id"=>1, "post_id"=>2, "content"=>"123456"}, "post_id"=>"2"}
  [1m[35m (0.1ms)[0m  [1m[35mBEGIN[0m
  ↳ app/controllers/comments_controller.rb:21:in `create'
  [1m[36mPost Load (0.1ms)[0m  [1m[34mSELECT "posts".* FROM "posts" WHERE "posts"."id" = $1 LIMIT $2[0m  [["id", 2], ["LIMIT", 1]]
  ↳ app/controllers/comments_controller.rb:21:in `create'
  [1m[36mUser Load (0.2ms)[0m  [1m[34mSELECT "users".* FROM "users" WHERE "users"."id" = $1 LIMIT $2[0m  [["id", 1], ["LIMIT", 1]]
  ↳ app/controllers/comments_controller.rb:21:in `create'
  [1m[36mComment Create (0.5ms)[0m  [1m[32mINSERT INTO "comments" ("post_id", "user_id", "content", "created_at", "updated_at") VALUES ($1, $2, $3, $4, $5) RETURNING "id"[0m  [["post_id", 2], ["user_id", 1], ["content", "123456"], ["created_at", "2020-07-13 16:19:22.432501"], ["updated_at", "2020-07-13 16:19:22.432501"]]
  ↳ app/controllers/comments_controller.rb:21:in `create'
  [1m[35m (0.7ms)[0m  [1m[35mCOMMIT[0m
  ↳ app/controllers/comments_controller.rb:21:in `create'
Completed 200 OK in 55ms (Views: 0.6ms | ActiveRecord: 14.7ms | Allocations: 16685)


Started POST "/posts/2/comments" for ::1 at 2020-07-13 12:21:07 -0400
Processing by CommentsController#create as */*
  Parameters: {"comment"=>{"user_id"=>3, "post_id"=>2, "content"=>"123456"}, "post_id"=>"2"}
  [1m[35m (0.2ms)[0m  [1m[35mBEGIN[0m
  ↳ app/controllers/comments_controller.rb:21:in `create'
  [1m[36mPost Load (13.9ms)[0m  [1m[34mSELECT "posts".* FROM "posts" WHERE "posts"."id" = $1 LIMIT $2[0m  [["id", 2], ["LIMIT", 1]]
  ↳ app/controllers/comments_controller.rb:21:in `create'
  [1m[36mUser Load (0.4ms)[0m  [1m[34mSELECT "users".* FROM "users" WHERE "users"."id" = $1 LIMIT $2[0m  [["id", 3], ["LIMIT", 1]]
  ↳ app/controllers/comments_controller.rb:21:in `create'
  [1m[35m (15.5ms)[0m  [1m[31mROLLBACK[0m
  ↳ app/controllers/comments_controller.rb:21:in `create'
Completed 422 Unprocessable Entity in 51ms (Views: 0.2ms | ActiveRecord: 30.1ms | Allocations: 5339)


Started GET "/posts/" for ::1 at 2020-07-13 12:21:20 -0400
Processing by PostsController#index as */*
  Parameters: {"comment"=>{"user_id"=>1, "post_id"=>2, "content"=>"123456"}, "post"=>{}}
  [1m[36mPost Load (0.3ms)[0m  [1m[34mSELECT "posts".* FROM "posts"[0m
  ↳ app/controllers/posts_controller.rb:9:in `index'
  [1m[36mComment Load (0.4ms)[0m  [1m[34mSELECT "comments".* FROM "comments" WHERE "comments"."post_id" = $1[0m  [["post_id", 1]]
  ↳ app/controllers/posts_controller.rb:9:in `index'
  [1m[36mComment Load (0.3ms)[0m  [1m[34mSELECT "comments".* FROM "comments" WHERE "comments"."post_id" = $1[0m  [["post_id", 2]]
  ↳ app/controllers/posts_controller.rb:9:in `index'
Completed 200 OK in 22ms (Views: 20.3ms | ActiveRecord: 1.0ms | Allocations: 5429)


Started GET "/users/" for ::1 at 2020-07-13 12:21:41 -0400
Processing by UsersController#index as */*
  Parameters: {"comment"=>{"user_id"=>1, "post_id"=>2, "content"=>"123456"}, "user"=>{}}
  [1m[36mUser Load (0.4ms)[0m  [1m[34mSELECT "users".* FROM "users"[0m
  ↳ app/controllers/users_controller.rb:9:in `index'
Completed 200 OK in 3ms (Views: 1.9ms | ActiveRecord: 0.4ms | Allocations: 984)


Started GET "/users/" for ::1 at 2020-07-13 12:22:59 -0400
Processing by UsersController#index as */*
  Parameters: {"comment"=>{"user_id"=>1, "post_id"=>2, "content"=>"123456"}, "user"=>{}}
  [1m[36mUser Load (0.2ms)[0m  [1m[34mSELECT "users".* FROM "users"[0m
  ↳ app/controllers/users_controller.rb:9:in `index'
  [1m[36mPost Load (0.4ms)[0m  [1m[34mSELECT "posts".* FROM "posts" WHERE "posts"."user_id" = $1[0m  [["user_id", 1]]
  ↳ app/controllers/users_controller.rb:9:in `index'
  [1m[36mComment Load (0.2ms)[0m  [1m[34mSELECT "comments".* FROM "comments" WHERE "comments"."user_id" = $1[0m  [["user_id", 1]]
  ↳ app/controllers/users_controller.rb:9:in `index'
Completed 200 OK in 34ms (Views: 26.5ms | ActiveRecord: 8.9ms | Allocations: 14013)


Started GET "/users/1" for ::1 at 2020-07-13 12:28:48 -0400
Processing by UsersController#show as */*
  Parameters: {"comment"=>{"user_id"=>1, "post_id"=>2, "content"=>"123456"}, "id"=>"1", "user"=>{}}
  [1m[36mUser Load (0.6ms)[0m  [1m[34mSELECT "users".* FROM "users" WHERE "users"."id" = $1 LIMIT $2[0m  [["id", 1], ["LIMIT", 1]]
  ↳ app/controllers/users_controller.rb:49:in `set_user'
Completed 200 OK in 5ms (Views: 0.4ms | ActiveRecord: 1.3ms | Allocations: 974)


Started GET "/users/1" for ::1 at 2020-07-13 12:28:53 -0400
Processing by UsersController#show as */*
  Parameters: {"comment"=>{"user_id"=>1, "post_id"=>2, "content"=>"123456"}, "id"=>"1", "user"=>{}}
  [1m[36mUser Load (0.2ms)[0m  [1m[34mSELECT "users".* FROM "users" WHERE "users"."id" = $1 LIMIT $2[0m  [["id", 1], ["LIMIT", 1]]
  ↳ app/controllers/users_controller.rb:49:in `set_user'
Completed 200 OK in 11ms (Views: 0.2ms | ActiveRecord: 9.0ms | Allocations: 3734)


Started GET "/users/1" for ::1 at 2020-07-13 12:28:55 -0400
Processing by UsersController#show as */*
  Parameters: {"comment"=>{"user_id"=>1, "post_id"=>2, "content"=>"123456"}, "id"=>"1", "user"=>{}}
  [1m[36mUser Load (0.4ms)[0m  [1m[34mSELECT "users".* FROM "users" WHERE "users"."id" = $1 LIMIT $2[0m  [["id", 1], ["LIMIT", 1]]
  ↳ app/controllers/users_controller.rb:49:in `set_user'
Completed 200 OK in 3ms (Views: 0.4ms | ActiveRecord: 0.4ms | Allocations: 756)


Started GET "/users/1" for ::1 at 2020-07-13 12:29:05 -0400
  [1m[35m (0.6ms)[0m  [1m[34mSELECT "schema_migrations"."version" FROM "schema_migrations" ORDER BY "schema_migrations"."version" ASC[0m
Processing by UsersController#show as */*
  Parameters: {"comment"=>{"user_id"=>1, "post_id"=>2, "content"=>"123456"}, "id"=>"1", "user"=>{}}
  [1m[36mUser Load (0.5ms)[0m  [1m[34mSELECT "users".* FROM "users" WHERE "users"."id" = $1 LIMIT $2[0m  [["id", 1], ["LIMIT", 1]]
  ↳ app/controllers/users_controller.rb:49:in `set_user'
Completed 200 OK in 23ms (Views: 1.6ms | ActiveRecord: 5.1ms | Allocations: 4427)


Started GET "/users/" for ::1 at 2020-07-13 12:29:14 -0400
Processing by UsersController#index as */*
  Parameters: {"comment"=>{"user_id"=>1, "post_id"=>2, "content"=>"123456"}, "user"=>{}}
  [1m[36mUser Load (0.4ms)[0m  [1m[34mSELECT "users".* FROM "users"[0m
  ↳ app/controllers/users_controller.rb:9:in `index'
  [1m[36mPost Load (0.5ms)[0m  [1m[34mSELECT "posts".* FROM "posts" WHERE "posts"."user_id" = $1[0m  [["user_id", 1]]
  ↳ app/controllers/users_controller.rb:9:in `index'
  [1m[36mComment Load (0.5ms)[0m  [1m[34mSELECT "comments".* FROM "comments" WHERE "comments"."user_id" = $1[0m  [["user_id", 1]]
  ↳ app/controllers/users_controller.rb:9:in `index'
Completed 200 OK in 57ms (Views: 47.3ms | ActiveRecord: 9.4ms | Allocations: 13323)


Started GET "/users/1" for ::1 at 2020-07-13 12:30:29 -0400
Processing by UsersController#show as */*
  Parameters: {"comment"=>{"user_id"=>1, "post_id"=>2, "content"=>"123456"}, "id"=>"1", "user"=>{}}
  [1m[36mUser Load (0.3ms)[0m  [1m[34mSELECT "users".* FROM "users" WHERE "users"."id" = $1 LIMIT $2[0m  [["id", 1], ["LIMIT", 1]]
  ↳ app/controllers/users_controller.rb:49:in `set_user'
Completed 200 OK in 2ms (Views: 0.3ms | ActiveRecord: 0.3ms | Allocations: 772)


Started GET "/users/" for ::1 at 2020-07-13 12:30:32 -0400
Processing by UsersController#index as */*
  Parameters: {"comment"=>{"user_id"=>1, "post_id"=>2, "content"=>"123456"}, "user"=>{}}
  [1m[36mUser Load (26.8ms)[0m  [1m[34mSELECT "users".* FROM "users"[0m
  ↳ app/controllers/users_controller.rb:9:in `index'
  [1m[36mPost Load (0.6ms)[0m  [1m[34mSELECT "posts".* FROM "posts" WHERE "posts"."user_id" = $1[0m  [["user_id", 1]]
  ↳ app/controllers/users_controller.rb:9:in `index'
  [1m[36mComment Load (4.6ms)[0m  [1m[34mSELECT "comments".* FROM "comments" WHERE "comments"."user_id" = $1[0m  [["user_id", 1]]
  ↳ app/controllers/users_controller.rb:9:in `index'
Completed 200 OK in 40ms (Views: 8.0ms | ActiveRecord: 32.0ms | Allocations: 3466)


Started GET "/users/" for ::1 at 2020-07-13 12:31:14 -0400
Processing by UsersController#index as */*
  Parameters: {"comment"=>{"user_id"=>1, "post_id"=>2, "content"=>"123456"}, "user"=>{}}
  [1m[36mUser Load (0.2ms)[0m  [1m[34mSELECT "users".* FROM "users" LIMIT $1[0m  [["LIMIT", 11]]
Completed 500 Internal Server Error in 11ms (ActiveRecord: 1.7ms | Allocations: 5710)


  [1m[36mCACHE User Load (0.0ms)[0m  [1m[34mSELECT "users".* FROM "users" LIMIT $1[0m  [["LIMIT", 11]]
  
NoMethodError (undefined method `attributes' for #<User::ActiveRecord_Relation:0x00007ffd6db04100>):
  
app/controllers/users_controller.rb:9:in `index'
  [1m[36mCACHE User Load (0.0ms)[0m  [1m[34mSELECT "users".* FROM "users" LIMIT $1[0m  [["LIMIT", 11]]
Started GET "/users/" for ::1 at 2020-07-13 12:31:52 -0400
Processing by UsersController#index as */*
  Parameters: {"comment"=>{"user_id"=>1, "post_id"=>2, "content"=>"123456"}, "user"=>{}}
  [1m[36mUser Load (0.2ms)[0m  [1m[34mSELECT "users".* FROM "users"[0m
  ↳ app/controllers/users_controller.rb:9:in `index'
  [1m[36mPost Load (0.2ms)[0m  [1m[34mSELECT "posts".* FROM "posts" WHERE "posts"."user_id" = $1[0m  [["user_id", 1]]
  ↳ app/controllers/users_controller.rb:9:in `index'
  [1m[36mComment Load (0.5ms)[0m  [1m[34mSELECT "comments".* FROM "comments" WHERE "comments"."user_id" = $1[0m  [["user_id", 1]]
  ↳ app/controllers/users_controller.rb:9:in `index'
Completed 200 OK in 38ms (Views: 29.0ms | ActiveRecord: 10.4ms | Allocations: 13987)


Started GET "/users/1" for ::1 at 2020-07-13 12:31:58 -0400
Processing by UsersController#show as */*
  Parameters: {"comment"=>{"user_id"=>1, "post_id"=>2, "content"=>"123456"}, "id"=>"1", "user"=>{}}
  [1m[36mUser Load (0.4ms)[0m  [1m[34mSELECT "users".* FROM "users" WHERE "users"."id" = $1 LIMIT $2[0m  [["id", 1], ["LIMIT", 1]]
  ↳ app/controllers/users_controller.rb:49:in `set_user'
Completed 200 OK in 4ms (Views: 0.5ms | ActiveRecord: 0.4ms | Allocations: 868)


Started GET "/users/1" for ::1 at 2020-07-13 12:32:05 -0400
Processing by UsersController#show as */*
  Parameters: {"comment"=>{"user_id"=>1, "post_id"=>2, "content"=>"123456"}, "id"=>"1", "user"=>{}}
  [1m[36mUser Load (0.2ms)[0m  [1m[34mSELECT "users".* FROM "users" WHERE "users"."id" = $1 LIMIT $2[0m  [["id", 1], ["LIMIT", 1]]
  ↳ app/controllers/users_controller.rb:49:in `set_user'
Completed 200 OK in 11ms (Views: 0.4ms | ActiveRecord: 2.6ms | Allocations: 3739)


Started GET "/users" for ::1 at 2020-07-13 12:35:46 -0400
Processing by UsersController#index as HTML
  [1m[36mUser Load (0.3ms)[0m  [1m[34mSELECT "users".* FROM "users"[0m
  ↳ app/controllers/users_controller.rb:9:in `index'
  [1m[36mPost Load (0.6ms)[0m  [1m[34mSELECT "posts".* FROM "posts" WHERE "posts"."user_id" = $1[0m  [["user_id", 1]]
  ↳ app/controllers/users_controller.rb:9:in `index'
  [1m[36mComment Load (0.2ms)[0m  [1m[34mSELECT "comments".* FROM "comments" WHERE "comments"."user_id" = $1[0m  [["user_id", 1]]
  ↳ app/controllers/users_controller.rb:9:in `index'
Completed 200 OK in 44ms (Views: 29.8ms | ActiveRecord: 10.4ms | Allocations: 15952)


Started POST "/users/" for ::1 at 2020-07-13 16:21:28 -0400
  [1m[35m (0.7ms)[0m  [1m[34mSELECT "schema_migrations"."version" FROM "schema_migrations" ORDER BY "schema_migrations"."version" ASC[0m
Processing by UsersController#create as HTML
  Parameters: {"user"=>{"username"=>"pcho1", "email"=>"pcho1@gmail.com", "password"=>"[FILTERED]"}}
  [1m[35m (0.1ms)[0m  [1m[35mBEGIN[0m
  ↳ app/controllers/users_controller.rb:21:in `create'
  [1m[36mUser Exists? (0.9ms)[0m  [1m[34mSELECT 1 AS one FROM "users" WHERE "users"."username" = $1 LIMIT $2[0m  [["username", "pcho1"], ["LIMIT", 1]]
  ↳ app/controllers/users_controller.rb:21:in `create'
  [1m[36mUser Exists? (0.3ms)[0m  [1m[34mSELECT 1 AS one FROM "users" WHERE "users"."email" = $1 LIMIT $2[0m  [["email", "pcho1@gmail.com"], ["LIMIT", 1]]
  ↳ app/controllers/users_controller.rb:21:in `create'
  [1m[36mUser Create (0.4ms)[0m  [1m[32mINSERT INTO "users" ("username", "email", "password_digest", "created_at", "updated_at") VALUES ($1, $2, $3, $4, $5) RETURNING "id"[0m  [["username", "pcho1"], ["email", "pcho1@gmail.com"], ["password_digest", "$2a$12$l4yLKiSK.UQxhmabRAy1Uu8f9MkjpAlIRm32bmlCOl.6xEb66HiVK"], ["created_at", "2020-07-13 20:21:28.848442"], ["updated_at", "2020-07-13 20:21:28.848442"]]
  ↳ app/controllers/users_controller.rb:21:in `create'
  [1m[35m (4.2ms)[0m  [1m[35mCOMMIT[0m
  ↳ app/controllers/users_controller.rb:21:in `create'
Completed 201 Created in 244ms (Views: 0.3ms | ActiveRecord: 11.1ms | Allocations: 9255)


Started POST "/auth/login" for ::1 at 2020-07-13 16:27:08 -0400
Processing by AuthenticationController#login as HTML
  Parameters: {"authentication"=>{"username"=>"pcho1", "password"=>"[FILTERED]"}}
  [1m[36mUser Load (0.3ms)[0m  [1m[34mSELECT "users".* FROM "users" WHERE "users"."username" = $1 LIMIT $2[0m  [["username", "pcho1"], ["LIMIT", 1]]
  ↳ app/controllers/authentication_controller.rb:6:in `login'
Completed 200 OK in 214ms (Views: 0.2ms | ActiveRecord: 0.5ms | Allocations: 1193)


Started POST "/auth/login" for ::1 at 2020-07-13 16:27:12 -0400
Processing by AuthenticationController#login as HTML
  Parameters: {"authentication"=>{"username"=>"pcho1", "password"=>"[FILTERED]"}}
  [1m[36mUser Load (0.9ms)[0m  [1m[34mSELECT "users".* FROM "users" WHERE "users"."username" = $1 LIMIT $2[0m  [["username", "pcho1"], ["LIMIT", 1]]
  ↳ app/controllers/authentication_controller.rb:6:in `login'
Completed 401 Unauthorized in 215ms (Views: 0.1ms | ActiveRecord: 0.9ms | Allocations: 774)


Started POST "/auth/login" for ::1 at 2020-07-13 16:27:14 -0400
Processing by AuthenticationController#login as HTML
  Parameters: {"authentication"=>{"username"=>"pcho1", "password"=>"[FILTERED]"}}
  [1m[36mUser Load (0.6ms)[0m  [1m[34mSELECT "users".* FROM "users" WHERE "users"."username" = $1 LIMIT $2[0m  [["username", "pcho1"], ["LIMIT", 1]]
  ↳ app/controllers/authentication_controller.rb:6:in `login'
Completed 401 Unauthorized in 221ms (Views: 0.2ms | ActiveRecord: 0.6ms | Allocations: 775)


Started POST "/auth/login" for ::1 at 2020-07-13 16:27:20 -0400
Processing by AuthenticationController#login as HTML
  Parameters: {"authentication"=>{"username"=>"pcho1", "password"=>"[FILTERED]"}}
  [1m[36mUser Load (0.3ms)[0m  [1m[34mSELECT "users".* FROM "users" WHERE "users"."username" = $1 LIMIT $2[0m  [["username", "pcho1"], ["LIMIT", 1]]
  ↳ app/controllers/authentication_controller.rb:6:in `login'
Completed 200 OK in 214ms (Views: 0.2ms | ActiveRecord: 0.3ms | Allocations: 946)


Started POST "/auth/login" for ::1 at 2020-07-13 16:32:15 -0400
Processing by AuthenticationController#login as HTML
  Parameters: {"authentication"=>{"username"=>"pcho1", "password"=>"[FILTERED]"}}
  [1m[36mUser Load (0.3ms)[0m  [1m[34mSELECT "users".* FROM "users" WHERE "users"."username" = $1 LIMIT $2[0m  [["username", "pcho1"], ["LIMIT", 1]]
  ↳ app/controllers/authentication_controller.rb:6:in `login'
Completed 200 OK in 228ms (Views: 0.2ms | ActiveRecord: 5.5ms | Allocations: 5899)


Started POST "/auth/login" for ::1 at 2020-07-13 16:32:41 -0400
  [1m[35m (0.5ms)[0m  [1m[34mSELECT "schema_migrations"."version" FROM "schema_migrations" ORDER BY "schema_migrations"."version" ASC[0m
Processing by AuthenticationController#login as HTML
  Parameters: {"authentication"=>{"username"=>"pcho1", "password"=>"[FILTERED]"}}
  [1m[36mUser Load (0.4ms)[0m  [1m[34mSELECT "users".* FROM "users" WHERE "users"."username" = $1 LIMIT $2[0m  [["username", "pcho1"], ["LIMIT", 1]]
  ↳ app/controllers/authentication_controller.rb:6:in `login'
Completed 200 OK in 238ms (Views: 0.5ms | ActiveRecord: 5.7ms | Allocations: 7040)


Started GET "/auth/verify" for ::1 at 2020-07-13 16:44:58 -0400
Processing by AuthenticationController#verify as HTML
  [1m[36mUser Load (0.4ms)[0m  [1m[34mSELECT "users".* FROM "users" WHERE "users"."id" = $1 LIMIT $2[0m  [["id", 2], ["LIMIT", 1]]
  ↳ app/controllers/application_controller.rb:19:in `authorize_request'
Completed 200 OK in 5ms (Views: 0.2ms | ActiveRecord: 2.0ms | Allocations: 1075)


Started GET "/auth/verify" for ::1 at 2020-07-13 16:47:44 -0400
Processing by AuthenticationController#verify as HTML
  [1m[36mUser Load (0.5ms)[0m  [1m[34mSELECT "users".* FROM "users" WHERE "users"."id" = $1 LIMIT $2[0m  [["id", 2], ["LIMIT", 1]]
  ↳ app/controllers/application_controller.rb:19:in `authorize_request'
Completed 200 OK in 2ms (Views: 0.2ms | ActiveRecord: 0.5ms | Allocations: 862)


Started GET "/auth/verify" for ::1 at 2020-07-13 16:48:14 -0400
Processing by AuthenticationController#verify as HTML
  [1m[36mUser Load (7.2ms)[0m  [1m[34mSELECT "users".* FROM "users" WHERE "users"."id" = $1 LIMIT $2[0m  [["id", 2], ["LIMIT", 1]]
  ↳ app/controllers/application_controller.rb:19:in `authorize_request'
Completed 200 OK in 10ms (Views: 0.2ms | ActiveRecord: 7.2ms | Allocations: 862)


Started GET "/auth/verify" for ::1 at 2020-07-13 16:49:01 -0400
Processing by AuthenticationController#verify as HTML
  [1m[36mUser Load (15.5ms)[0m  [1m[34mSELECT "users".* FROM "users" WHERE "users"."id" = $1 LIMIT $2[0m  [["id", 2], ["LIMIT", 1]]
  ↳ app/controllers/application_controller.rb:19:in `authorize_request'
Completed 200 OK in 17ms (Views: 0.2ms | ActiveRecord: 15.5ms | Allocations: 862)


Started GET "/auth/verify" for ::1 at 2020-07-13 16:50:19 -0400
Processing by AuthenticationController#verify as HTML
  [1m[36mUser Load (0.3ms)[0m  [1m[34mSELECT "users".* FROM "users" WHERE "users"."id" = $1 LIMIT $2[0m  [["id", 2], ["LIMIT", 1]]
  ↳ app/controllers/application_controller.rb:19:in `authorize_request'
Completed 200 OK in 2ms (Views: 0.2ms | ActiveRecord: 0.3ms | Allocations: 844)


Started POST "/auth/login" for ::1 at 2020-07-13 16:50:27 -0400
Processing by AuthenticationController#login as HTML
  Parameters: {"authentication"=>{"username"=>"pcho1", "password"=>"[FILTERED]"}}
  [1m[36mUser Load (0.3ms)[0m  [1m[34mSELECT "users".* FROM "users" WHERE "users"."username" = $1 LIMIT $2[0m  [["username", "pcho1"], ["LIMIT", 1]]
  ↳ app/controllers/authentication_controller.rb:6:in `login'
Completed 200 OK in 212ms (Views: 0.2ms | ActiveRecord: 0.3ms | Allocations: 951)


Started GET "/auth/verify" for ::1 at 2020-07-13 16:51:47 -0400
Processing by AuthenticationController#verify as HTML
  [1m[36mUser Load (0.3ms)[0m  [1m[34mSELECT "users".* FROM "users" WHERE "users"."id" = $1 LIMIT $2[0m  [["id", 2], ["LIMIT", 1]]
  ↳ app/controllers/application_controller.rb:19:in `authorize_request'
Completed 200 OK in 3ms (Views: 0.6ms | ActiveRecord: 0.3ms | Allocations: 844)


Started POST "/auth/login" for ::1 at 2020-07-13 16:51:54 -0400
Processing by AuthenticationController#login as HTML
  Parameters: {"authentication"=>{"username"=>"pcho1", "password"=>"[FILTERED]"}}
  [1m[36mUser Load (0.3ms)[0m  [1m[34mSELECT "users".* FROM "users" WHERE "users"."username" = $1 LIMIT $2[0m  [["username", "pcho1"], ["LIMIT", 1]]
  ↳ app/controllers/authentication_controller.rb:6:in `login'
Completed 200 OK in 211ms (Views: 0.2ms | ActiveRecord: 0.3ms | Allocations: 947)


Started POST "/auth/login" for ::1 at 2020-07-13 16:53:27 -0400
Processing by AuthenticationController#login as HTML
  Parameters: {"authentication"=>{"username"=>"pcho1", "password"=>"[FILTERED]"}}
  [1m[36mUser Load (0.3ms)[0m  [1m[34mSELECT "users".* FROM "users" WHERE "users"."username" = $1 LIMIT $2[0m  [["username", "pcho1"], ["LIMIT", 1]]
  ↳ app/controllers/authentication_controller.rb:6:in `login'
Completed 401 Unauthorized in 211ms (Views: 0.1ms | ActiveRecord: 0.3ms | Allocations: 758)


Started POST "/auth/login" for ::1 at 2020-07-13 16:53:30 -0400
Processing by AuthenticationController#login as HTML
  Parameters: {"authentication"=>{"username"=>"pcho1", "password"=>"[FILTERED]"}}
  [1m[36mUser Load (0.2ms)[0m  [1m[34mSELECT "users".* FROM "users" WHERE "users"."username" = $1 LIMIT $2[0m  [["username", "pcho1"], ["LIMIT", 1]]
  ↳ app/controllers/authentication_controller.rb:6:in `login'
Completed 200 OK in 212ms (Views: 0.2ms | ActiveRecord: 0.2ms | Allocations: 947)


  [1m[35m (0.1ms)[0m  [1m[34mSELECT pg_try_advisory_lock(5721631950512421090)[0m
  [1m[35m (0.5ms)[0m  [1m[34mSELECT "schema_migrations"."version" FROM "schema_migrations" ORDER BY "schema_migrations"."version" ASC[0m
Migrating to AddUsernameToComments (20200713210345)
  [1m[35m (0.1ms)[0m  [1m[35mBEGIN[0m
  [1m[35m (4.9ms)[0m  [1m[35mALTER TABLE "comments" ADD "username" character varying[0m
  [1m[36mprimary::SchemaMigration Create (0.4ms)[0m  [1m[32mINSERT INTO "schema_migrations" ("version") VALUES ($1) RETURNING "version"[0m  [["version", "20200713210345"]]
  [1m[35m (1.2ms)[0m  [1m[35mCOMMIT[0m
  [1m[36mActiveRecord::InternalMetadata Load (5.4ms)[0m  [1m[34mSELECT "ar_internal_metadata".* FROM "ar_internal_metadata" WHERE "ar_internal_metadata"."key" = $1 LIMIT $2[0m  [["key", "environment"], ["LIMIT", 1]]
  [1m[35m (0.2ms)[0m  [1m[34mSELECT pg_advisory_unlock(5721631950512421090)[0m
  [1m[35m (0.4ms)[0m  [1m[34mSELECT "schema_migrations"."version" FROM "schema_migrations" ORDER BY "schema_migrations"."version" ASC[0m
  [1m[35m (0.2ms)[0m  [1m[34mSELECT pg_try_advisory_lock(5721631950512421090)[0m
  [1m[35m (0.4ms)[0m  [1m[34mSELECT "schema_migrations"."version" FROM "schema_migrations" ORDER BY "schema_migrations"."version" ASC[0m
Migrating to AddUsernameToPosts (20200713210514)
  [1m[35m (0.1ms)[0m  [1m[35mBEGIN[0m
  [1m[35m (0.9ms)[0m  [1m[35mALTER TABLE "posts" ADD "username" character varying[0m
  [1m[36mprimary::SchemaMigration Create (0.3ms)[0m  [1m[32mINSERT INTO "schema_migrations" ("version") VALUES ($1) RETURNING "version"[0m  [["version", "20200713210514"]]
  [1m[35m (0.6ms)[0m  [1m[35mCOMMIT[0m
  [1m[36mActiveRecord::InternalMetadata Load (0.3ms)[0m  [1m[34mSELECT "ar_internal_metadata".* FROM "ar_internal_metadata" WHERE "ar_internal_metadata"."key" = $1 LIMIT $2[0m  [["key", "environment"], ["LIMIT", 1]]
  [1m[35m (0.4ms)[0m  [1m[34mSELECT pg_advisory_unlock(5721631950512421090)[0m
  [1m[35m (0.5ms)[0m  [1m[34mSELECT "schema_migrations"."version" FROM "schema_migrations" ORDER BY "schema_migrations"."version" ASC[0m
Started GET "/auth/verify" for ::1 at 2020-07-13 17:16:39 -0400
  [1m[35m (0.5ms)[0m  [1m[34mSELECT "schema_migrations"."version" FROM "schema_migrations" ORDER BY "schema_migrations"."version" ASC[0m
Processing by AuthenticationController#verify as HTML
  [1m[36mUser Load (0.3ms)[0m  [1m[34mSELECT "users".* FROM "users" WHERE "users"."id" = $1 LIMIT $2[0m  [["id", 2], ["LIMIT", 1]]
  ↳ app/controllers/application_controller.rb:19:in `authorize_request'
Completed 200 OK in 31ms (Views: 0.3ms | ActiveRecord: 5.0ms | Allocations: 6927)


Started POST "/posts" for ::1 at 2020-07-13 17:16:45 -0400
Processing by PostsController#create as HTML
  Parameters: {"post"=>{"user_id"=>2, "username"=>"pcho1", "content"=>"testing"}}
  [1m[35m (0.1ms)[0m  [1m[35mBEGIN[0m
  ↳ app/controllers/posts_controller.rb:21:in `create'
  [1m[36mUser Load (0.2ms)[0m  [1m[34mSELECT "users".* FROM "users" WHERE "users"."id" = $1 LIMIT $2[0m  [["id", 2], ["LIMIT", 1]]
  ↳ app/controllers/posts_controller.rb:21:in `create'
  [1m[36mPost Create (0.7ms)[0m  [1m[32mINSERT INTO "posts" ("user_id", "content", "created_at", "updated_at", "username") VALUES ($1, $2, $3, $4, $5) RETURNING "id"[0m  [["user_id", 2], ["content", "testing"], ["created_at", "2020-07-13 21:16:45.778333"], ["updated_at", "2020-07-13 21:16:45.778333"], ["username", "pcho1"]]
  ↳ app/controllers/posts_controller.rb:21:in `create'
  [1m[35m (0.5ms)[0m  [1m[35mCOMMIT[0m
  ↳ app/controllers/posts_controller.rb:21:in `create'
Completed 201 Created in 25ms (Views: 0.3ms | ActiveRecord: 3.7ms | Allocations: 8635)


